2022-10-17 00:17:39.676  WARN 24052 --- [HikariPool-1 housekeeper] com.zaxxer.hikari.pool.HikariPool        : HikariPool-1 - Thread starvation or clock leap detected (housekeeper delta=1h42m11s164ms660µs).
2022-10-17 00:18:48.705  INFO 24052 --- [RMI TCP Connection(6)-127.0.0.1] inMXBeanRegistrar$SpringApplicationAdmin : Application shutdown requested.
2022-10-17 00:18:48.722  INFO 24052 --- [RMI TCP Connection(6)-127.0.0.1] o.apache.catalina.core.StandardService   : Stopping service [Tomcat]
2022-10-17 00:18:48.726  INFO 24052 --- [RMI TCP Connection(6)-127.0.0.1] o.a.c.c.C.[Tomcat].[localhost].[/]       : Destroying Spring FrameworkServlet 'dispatcherServlet'
2022-10-17 00:18:48.743  INFO 24052 --- [RMI TCP Connection(6)-127.0.0.1] j.LocalContainerEntityManagerFactoryBean : Closing JPA EntityManagerFactory for persistence unit 'default'
2022-10-17 00:18:48.746  INFO 24052 --- [RMI TCP Connection(6)-127.0.0.1] com.zaxxer.hikari.HikariDataSource       : HikariPool-1 - Shutdown initiated...
2022-10-17 00:18:48.758  INFO 24052 --- [RMI TCP Connection(6)-127.0.0.1] com.zaxxer.hikari.HikariDataSource       : HikariPool-1 - Shutdown completed.
2022-10-17 09:17:10.705  INFO 12324 --- [main] com.grocery.GroceryWebApplication        : Starting GroceryWebApplication using Java 17.0.4 on DESKTOP-CTCG3C8 with PID 12324 (D:\Springtools\GroceryWebApplication\target\classes started by Sai Abishek in D:\Springtools\GroceryWebApplication)
2022-10-17 09:17:10.713  INFO 12324 --- [main] com.grocery.GroceryWebApplication        : No active profile set, falling back to 1 default profile: "default"
2022-10-17 09:17:11.702  INFO 12324 --- [main] .s.d.r.c.RepositoryConfigurationDelegate : Multiple Spring Data modules found, entering strict repository configuration mode
2022-10-17 09:17:11.704  INFO 12324 --- [main] .s.d.r.c.RepositoryConfigurationDelegate : Bootstrapping Spring Data JDBC repositories in DEFAULT mode.
2022-10-17 09:17:11.766  INFO 12324 --- [main] .RepositoryConfigurationExtensionSupport : Spring Data JDBC - Could not safely identify store assignment for repository candidate interface com.grocery.dao.AdminDao; If you want this repository to be a JDBC repository, consider annotating your entities with one of these annotations: org.springframework.data.relational.core.mapping.Table.
2022-10-17 09:17:11.768  INFO 12324 --- [main] .RepositoryConfigurationExtensionSupport : Spring Data JDBC - Could not safely identify store assignment for repository candidate interface com.grocery.dao.CartDao; If you want this repository to be a JDBC repository, consider annotating your entities with one of these annotations: org.springframework.data.relational.core.mapping.Table.
2022-10-17 09:17:11.769  INFO 12324 --- [main] .RepositoryConfigurationExtensionSupport : Spring Data JDBC - Could not safely identify store assignment for repository candidate interface com.grocery.dao.CartItemsDao; If you want this repository to be a JDBC repository, consider annotating your entities with one of these annotations: org.springframework.data.relational.core.mapping.Table.
2022-10-17 09:17:11.771  INFO 12324 --- [main] .RepositoryConfigurationExtensionSupport : Spring Data JDBC - Could not safely identify store assignment for repository candidate interface com.grocery.dao.CategoryDao; If you want this repository to be a JDBC repository, consider annotating your entities with one of these annotations: org.springframework.data.relational.core.mapping.Table.
2022-10-17 09:17:11.774  INFO 12324 --- [main] .RepositoryConfigurationExtensionSupport : Spring Data JDBC - Could not safely identify store assignment for repository candidate interface com.grocery.dao.CustomerDao; If you want this repository to be a JDBC repository, consider annotating your entities with one of these annotations: org.springframework.data.relational.core.mapping.Table.
2022-10-17 09:17:11.777  INFO 12324 --- [main] .RepositoryConfigurationExtensionSupport : Spring Data JDBC - Could not safely identify store assignment for repository candidate interface com.grocery.dao.OrderDao; If you want this repository to be a JDBC repository, consider annotating your entities with one of these annotations: org.springframework.data.relational.core.mapping.Table.
2022-10-17 09:17:11.780  INFO 12324 --- [main] .RepositoryConfigurationExtensionSupport : Spring Data JDBC - Could not safely identify store assignment for repository candidate interface com.grocery.dao.PaymentDao; If you want this repository to be a JDBC repository, consider annotating your entities with one of these annotations: org.springframework.data.relational.core.mapping.Table.
2022-10-17 09:17:11.782  INFO 12324 --- [main] .RepositoryConfigurationExtensionSupport : Spring Data JDBC - Could not safely identify store assignment for repository candidate interface com.grocery.dao.ProductDao; If you want this repository to be a JDBC repository, consider annotating your entities with one of these annotations: org.springframework.data.relational.core.mapping.Table.
2022-10-17 09:17:11.783  INFO 12324 --- [main] .RepositoryConfigurationExtensionSupport : Spring Data JDBC - Could not safely identify store assignment for repository candidate interface com.grocery.dao.ReturnDao; If you want this repository to be a JDBC repository, consider annotating your entities with one of these annotations: org.springframework.data.relational.core.mapping.Table.
2022-10-17 09:17:11.784  INFO 12324 --- [main] .s.d.r.c.RepositoryConfigurationDelegate : Finished Spring Data repository scanning in 71 ms. Found 0 JDBC repository interfaces.
2022-10-17 09:17:11.797  INFO 12324 --- [main] .s.d.r.c.RepositoryConfigurationDelegate : Multiple Spring Data modules found, entering strict repository configuration mode
2022-10-17 09:17:11.799  INFO 12324 --- [main] .s.d.r.c.RepositoryConfigurationDelegate : Bootstrapping Spring Data JPA repositories in DEFAULT mode.
2022-10-17 09:17:11.859  INFO 12324 --- [main] .s.d.r.c.RepositoryConfigurationDelegate : Finished Spring Data repository scanning in 47 ms. Found 9 JPA repository interfaces.
2022-10-17 09:17:12.714  INFO 12324 --- [main] o.s.b.w.embedded.tomcat.TomcatWebServer  : Tomcat initialized with port(s): 8080 (http)
2022-10-17 09:17:12.731  INFO 12324 --- [main] o.apache.catalina.core.StandardService   : Starting service [Tomcat]
2022-10-17 09:17:12.732  INFO 12324 --- [main] org.apache.catalina.core.StandardEngine  : Starting Servlet engine: [Apache Tomcat/9.0.65]
2022-10-17 09:17:13.130  INFO 12324 --- [main] org.apache.jasper.servlet.TldScanner     : At least one JAR was scanned for TLDs yet contained no TLDs. Enable debug logging for this logger for a complete list of JARs that were scanned but no TLDs were found in them. Skipping unneeded JARs during scanning can improve startup time and JSP compilation time.
2022-10-17 09:17:13.148  INFO 12324 --- [main] o.a.c.c.C.[Tomcat].[localhost].[/]       : Initializing Spring embedded WebApplicationContext
2022-10-17 09:17:13.148  INFO 12324 --- [main] w.s.c.ServletWebServerApplicationContext : Root WebApplicationContext: initialization completed in 2316 ms
2022-10-17 09:17:13.355  INFO 12324 --- [main] o.hibernate.jpa.internal.util.LogHelper  : HHH000204: Processing PersistenceUnitInfo [name: default]
2022-10-17 09:17:13.467  INFO 12324 --- [main] org.hibernate.Version                    : HHH000412: Hibernate ORM core version 5.6.11.Final
2022-10-17 09:17:13.752  INFO 12324 --- [main] o.hibernate.annotations.common.Version   : HCANN000001: Hibernate Commons Annotations {5.1.2.Final}
2022-10-17 09:17:13.933  INFO 12324 --- [main] com.zaxxer.hikari.HikariDataSource       : HikariPool-1 - Starting...
2022-10-17 09:17:14.407  INFO 12324 --- [main] com.zaxxer.hikari.HikariDataSource       : HikariPool-1 - Start completed.
2022-10-17 09:17:14.467  INFO 12324 --- [main] org.hibernate.dialect.Dialect            : HHH000400: Using dialect: org.hibernate.dialect.MySQL8Dialect
2022-10-17 09:17:15.952  INFO 12324 --- [main] o.h.e.t.j.p.i.JtaPlatformInitiator       : HHH000490: Using JtaPlatform implementation: [org.hibernate.engine.transaction.jta.platform.internal.NoJtaPlatform]
2022-10-17 09:17:15.967  INFO 12324 --- [main] j.LocalContainerEntityManagerFactoryBean : Initialized JPA EntityManagerFactory for persistence unit 'default'
2022-10-17 09:17:16.777  WARN 12324 --- [main] JpaBaseConfiguration$JpaWebConfiguration : spring.jpa.open-in-view is enabled by default. Therefore, database queries may be performed during view rendering. Explicitly configure spring.jpa.open-in-view to disable this warning
2022-10-17 09:17:17.017  INFO 12324 --- [main] o.s.s.web.DefaultSecurityFilterChain     : Will secure any request with [org.springframework.security.web.session.DisableEncodeUrlFilter@620e0d36, org.springframework.security.web.context.request.async.WebAsyncManagerIntegrationFilter@5cd2adc7, org.springframework.security.web.context.SecurityContextPersistenceFilter@50eae15a, org.springframework.security.web.header.HeaderWriterFilter@492d38a2, org.springframework.security.web.authentication.logout.LogoutFilter@18f794e, org.springframework.security.web.savedrequest.RequestCacheAwareFilter@5b5f61cc, org.springframework.security.web.servletapi.SecurityContextHolderAwareRequestFilter@1a82453, org.springframework.security.web.authentication.AnonymousAuthenticationFilter@3df4cd96, org.springframework.security.web.session.SessionManagementFilter@12f12744, org.springframework.security.web.access.ExceptionTranslationFilter@5f8a29ca, org.springframework.security.web.access.intercept.FilterSecurityInterceptor@6d70e68b]
2022-10-17 09:17:17.297  INFO 12324 --- [main] o.s.b.a.w.s.WelcomePageHandlerMapping    : Adding welcome page: class path resource [static/index.html]
2022-10-17 09:17:17.698  WARN 12324 --- [main] ConfigServletWebServerApplicationContext : Exception encountered during context initialization - cancelling refresh attempt: org.springframework.context.ApplicationContextException: Failed to start bean 'webServerStartStop'; nested exception is org.springframework.boot.web.server.PortInUseException: Port 8080 is already in use
2022-10-17 09:17:17.703  INFO 12324 --- [main] j.LocalContainerEntityManagerFactoryBean : Closing JPA EntityManagerFactory for persistence unit 'default'
2022-10-17 09:17:17.705  INFO 12324 --- [main] com.zaxxer.hikari.HikariDataSource       : HikariPool-1 - Shutdown initiated...
2022-10-17 09:17:17.718  INFO 12324 --- [main] com.zaxxer.hikari.HikariDataSource       : HikariPool-1 - Shutdown completed.
2022-10-17 09:17:17.720  INFO 12324 --- [main] o.apache.catalina.core.StandardService   : Stopping service [Tomcat]
2022-10-17 09:17:17.736  INFO 12324 --- [main] ConditionEvaluationReportLoggingListener : 

Error starting ApplicationContext. To display the conditions report re-run your application with 'debug' enabled.
2022-10-17 09:17:17.778 ERROR 12324 --- [main] o.s.b.d.LoggingFailureAnalysisReporter   : 

***************************
APPLICATION FAILED TO START
***************************

Description:

Web server failed to start. Port 8080 was already in use.

Action:

Identify and stop the process that's listening on port 8080 or configure this application to listen on another port.

2022-10-17 09:17:29.677  INFO 3156 --- [main] com.grocery.GroceryWebApplication        : Starting GroceryWebApplication using Java 17.0.4 on DESKTOP-CTCG3C8 with PID 3156 (D:\Springtools\GroceryWebApplication\target\classes started by Sai Abishek in D:\Springtools\GroceryWebApplication)
2022-10-17 09:17:29.681  INFO 3156 --- [main] com.grocery.GroceryWebApplication        : No active profile set, falling back to 1 default profile: "default"
2022-10-17 09:17:30.579  INFO 3156 --- [main] .s.d.r.c.RepositoryConfigurationDelegate : Multiple Spring Data modules found, entering strict repository configuration mode
2022-10-17 09:17:30.581  INFO 3156 --- [main] .s.d.r.c.RepositoryConfigurationDelegate : Bootstrapping Spring Data JDBC repositories in DEFAULT mode.
2022-10-17 09:17:30.632  INFO 3156 --- [main] .RepositoryConfigurationExtensionSupport : Spring Data JDBC - Could not safely identify store assignment for repository candidate interface com.grocery.dao.AdminDao; If you want this repository to be a JDBC repository, consider annotating your entities with one of these annotations: org.springframework.data.relational.core.mapping.Table.
2022-10-17 09:17:30.634  INFO 3156 --- [main] .RepositoryConfigurationExtensionSupport : Spring Data JDBC - Could not safely identify store assignment for repository candidate interface com.grocery.dao.CartDao; If you want this repository to be a JDBC repository, consider annotating your entities with one of these annotations: org.springframework.data.relational.core.mapping.Table.
2022-10-17 09:17:30.637  INFO 3156 --- [main] .RepositoryConfigurationExtensionSupport : Spring Data JDBC - Could not safely identify store assignment for repository candidate interface com.grocery.dao.CartItemsDao; If you want this repository to be a JDBC repository, consider annotating your entities with one of these annotations: org.springframework.data.relational.core.mapping.Table.
2022-10-17 09:17:30.641  INFO 3156 --- [main] .RepositoryConfigurationExtensionSupport : Spring Data JDBC - Could not safely identify store assignment for repository candidate interface com.grocery.dao.CategoryDao; If you want this repository to be a JDBC repository, consider annotating your entities with one of these annotations: org.springframework.data.relational.core.mapping.Table.
2022-10-17 09:17:30.644  INFO 3156 --- [main] .RepositoryConfigurationExtensionSupport : Spring Data JDBC - Could not safely identify store assignment for repository candidate interface com.grocery.dao.CustomerDao; If you want this repository to be a JDBC repository, consider annotating your entities with one of these annotations: org.springframework.data.relational.core.mapping.Table.
2022-10-17 09:17:30.646  INFO 3156 --- [main] .RepositoryConfigurationExtensionSupport : Spring Data JDBC - Could not safely identify store assignment for repository candidate interface com.grocery.dao.OrderDao; If you want this repository to be a JDBC repository, consider annotating your entities with one of these annotations: org.springframework.data.relational.core.mapping.Table.
2022-10-17 09:17:30.647  INFO 3156 --- [main] .RepositoryConfigurationExtensionSupport : Spring Data JDBC - Could not safely identify store assignment for repository candidate interface com.grocery.dao.PaymentDao; If you want this repository to be a JDBC repository, consider annotating your entities with one of these annotations: org.springframework.data.relational.core.mapping.Table.
2022-10-17 09:17:30.649  INFO 3156 --- [main] .RepositoryConfigurationExtensionSupport : Spring Data JDBC - Could not safely identify store assignment for repository candidate interface com.grocery.dao.ProductDao; If you want this repository to be a JDBC repository, consider annotating your entities with one of these annotations: org.springframework.data.relational.core.mapping.Table.
2022-10-17 09:17:30.652  INFO 3156 --- [main] .RepositoryConfigurationExtensionSupport : Spring Data JDBC - Could not safely identify store assignment for repository candidate interface com.grocery.dao.ReturnDao; If you want this repository to be a JDBC repository, consider annotating your entities with one of these annotations: org.springframework.data.relational.core.mapping.Table.
2022-10-17 09:17:30.654  INFO 3156 --- [main] .s.d.r.c.RepositoryConfigurationDelegate : Finished Spring Data repository scanning in 66 ms. Found 0 JDBC repository interfaces.
2022-10-17 09:17:30.667  INFO 3156 --- [main] .s.d.r.c.RepositoryConfigurationDelegate : Multiple Spring Data modules found, entering strict repository configuration mode
2022-10-17 09:17:30.670  INFO 3156 --- [main] .s.d.r.c.RepositoryConfigurationDelegate : Bootstrapping Spring Data JPA repositories in DEFAULT mode.
2022-10-17 09:17:30.733  INFO 3156 --- [main] .s.d.r.c.RepositoryConfigurationDelegate : Finished Spring Data repository scanning in 51 ms. Found 9 JPA repository interfaces.
2022-10-17 09:17:31.511  INFO 3156 --- [main] o.s.b.w.embedded.tomcat.TomcatWebServer  : Tomcat initialized with port(s): 8080 (http)
2022-10-17 09:17:31.526  INFO 3156 --- [main] o.apache.catalina.core.StandardService   : Starting service [Tomcat]
2022-10-17 09:17:31.526  INFO 3156 --- [main] org.apache.catalina.core.StandardEngine  : Starting Servlet engine: [Apache Tomcat/9.0.65]
2022-10-17 09:17:31.891  INFO 3156 --- [main] org.apache.jasper.servlet.TldScanner     : At least one JAR was scanned for TLDs yet contained no TLDs. Enable debug logging for this logger for a complete list of JARs that were scanned but no TLDs were found in them. Skipping unneeded JARs during scanning can improve startup time and JSP compilation time.
2022-10-17 09:17:31.911  INFO 3156 --- [main] o.a.c.c.C.[Tomcat].[localhost].[/]       : Initializing Spring embedded WebApplicationContext
2022-10-17 09:17:31.911  INFO 3156 --- [main] w.s.c.ServletWebServerApplicationContext : Root WebApplicationContext: initialization completed in 2149 ms
2022-10-17 09:17:32.109  INFO 3156 --- [main] o.hibernate.jpa.internal.util.LogHelper  : HHH000204: Processing PersistenceUnitInfo [name: default]
2022-10-17 09:17:32.176  INFO 3156 --- [main] org.hibernate.Version                    : HHH000412: Hibernate ORM core version 5.6.11.Final
2022-10-17 09:17:32.397  INFO 3156 --- [main] o.hibernate.annotations.common.Version   : HCANN000001: Hibernate Commons Annotations {5.1.2.Final}
2022-10-17 09:17:32.578  INFO 3156 --- [main] com.zaxxer.hikari.HikariDataSource       : HikariPool-1 - Starting...
2022-10-17 09:17:33.067  INFO 3156 --- [main] com.zaxxer.hikari.HikariDataSource       : HikariPool-1 - Start completed.
2022-10-17 09:17:33.117  INFO 3156 --- [main] org.hibernate.dialect.Dialect            : HHH000400: Using dialect: org.hibernate.dialect.MySQL8Dialect
2022-10-17 09:17:34.474  INFO 3156 --- [main] o.h.e.t.j.p.i.JtaPlatformInitiator       : HHH000490: Using JtaPlatform implementation: [org.hibernate.engine.transaction.jta.platform.internal.NoJtaPlatform]
2022-10-17 09:17:34.490  INFO 3156 --- [main] j.LocalContainerEntityManagerFactoryBean : Initialized JPA EntityManagerFactory for persistence unit 'default'
2022-10-17 09:17:35.229  WARN 3156 --- [main] JpaBaseConfiguration$JpaWebConfiguration : spring.jpa.open-in-view is enabled by default. Therefore, database queries may be performed during view rendering. Explicitly configure spring.jpa.open-in-view to disable this warning
2022-10-17 09:17:35.433  INFO 3156 --- [main] o.s.s.web.DefaultSecurityFilterChain     : Will secure any request with [org.springframework.security.web.session.DisableEncodeUrlFilter@3ecc9baa, org.springframework.security.web.context.request.async.WebAsyncManagerIntegrationFilter@4f2a9903, org.springframework.security.web.context.SecurityContextPersistenceFilter@1c80f8dd, org.springframework.security.web.header.HeaderWriterFilter@209d0037, org.springframework.security.web.authentication.logout.LogoutFilter@498f1f63, org.springframework.security.web.savedrequest.RequestCacheAwareFilter@20e7152a, org.springframework.security.web.servletapi.SecurityContextHolderAwareRequestFilter@399a5a52, org.springframework.security.web.authentication.AnonymousAuthenticationFilter@294ebdae, org.springframework.security.web.session.SessionManagementFilter@7747571c, org.springframework.security.web.access.ExceptionTranslationFilter@7e1ce99c, org.springframework.security.web.access.intercept.FilterSecurityInterceptor@c76762]
2022-10-17 09:17:35.656  INFO 3156 --- [main] o.s.b.a.w.s.WelcomePageHandlerMapping    : Adding welcome page: class path resource [static/index.html]
2022-10-17 09:17:36.033  INFO 3156 --- [main] o.s.b.w.embedded.tomcat.TomcatWebServer  : Tomcat started on port(s): 8080 (http) with context path ''
2022-10-17 09:17:36.052  INFO 3156 --- [main] com.grocery.GroceryWebApplication        : Started GroceryWebApplication in 6.93 seconds (JVM running for 7.902)
2022-10-17 09:17:49.909  INFO 3156 --- [http-nio-8080-exec-1] o.a.c.c.C.[Tomcat].[localhost].[/]       : Initializing Spring DispatcherServlet 'dispatcherServlet'
2022-10-17 09:17:49.909  INFO 3156 --- [http-nio-8080-exec-1] o.s.web.servlet.DispatcherServlet        : Initializing Servlet 'dispatcherServlet'
2022-10-17 09:17:49.911  INFO 3156 --- [http-nio-8080-exec-1] o.s.web.servlet.DispatcherServlet        : Completed initialization in 1 ms
2022-10-17 09:18:49.785 TRACE 3156 --- [http-nio-8080-exec-4] c.grocery.controller.CustomerController  : CUSTOMER LOGIN FAILED
2022-10-17 09:18:49.786 ERROR 3156 --- [http-nio-8080-exec-4] c.grocery.controller.CustomerController  : Customer Credentials are invalid for the customer id:
2022-10-17 09:20:29.827 ERROR 3156 --- [http-nio-8080-exec-1] c.g.exception.GlobalExceptionHandler     : you are selecting more than stock,please select again for the customer id: 3
2022-10-17 09:21:06.708 TRACE 3156 --- [http-nio-8080-exec-3] com.grocery.controller.AdminController   : ADMIN LOGIN FAILED
2022-10-17 09:21:06.708 ERROR 3156 --- [http-nio-8080-exec-3] com.grocery.controller.AdminController   : Admin Credentials are invalid
2022-10-17 09:21:30.045 TRACE 3156 --- [http-nio-8080-exec-5] com.grocery.controller.AdminController   : ADMIN LOGIN FAILED
2022-10-17 09:21:30.046 ERROR 3156 --- [http-nio-8080-exec-5] com.grocery.controller.AdminController   : Admin Credentials are invalid
2022-10-17 09:22:10.102 TRACE 3156 --- [http-nio-8080-exec-5] com.grocery.controller.AdminController   : ADMIN LOGIN FAILED
2022-10-17 09:22:10.103 ERROR 3156 --- [http-nio-8080-exec-5] com.grocery.controller.AdminController   : Admin Credentials are invalid
2022-10-17 09:22:26.733 TRACE 3156 --- [http-nio-8080-exec-9] com.grocery.controller.AdminController   : ADMIN LOGIN FAILED
2022-10-17 09:22:26.734 ERROR 3156 --- [http-nio-8080-exec-9] com.grocery.controller.AdminController   : Admin Credentials are invalid
2022-10-17 09:22:52.223 TRACE 3156 --- [http-nio-8080-exec-8] com.grocery.controller.AdminController   : ADMIN LOGIN FAILED
2022-10-17 09:22:52.223 ERROR 3156 --- [http-nio-8080-exec-8] com.grocery.controller.AdminController   : Admin Credentials are invalid
2022-10-17 09:24:59.828  WARN 3156 --- [http-nio-8080-exec-2] .w.s.m.s.DefaultHandlerExceptionResolver : Resolved [org.springframework.validation.BindException: org.springframework.validation.BeanPropertyBindingResult: 3 errors<EOL>Field error in object 'product' on field 'pDiscount': rejected value []; codes [typeMismatch.product.pDiscount,typeMismatch.pDiscount,typeMismatch.int,typeMismatch]; arguments [org.springframework.context.support.DefaultMessageSourceResolvable: codes [product.pDiscount,pDiscount]; arguments []; default message [pDiscount]]; default message [Failed to convert property value of type 'java.lang.String' to required type 'int' for property 'pDiscount'; nested exception is java.lang.NumberFormatException: For input string: ""]<EOL>Field error in object 'product' on field 'pPrice': rejected value []; codes [typeMismatch.product.pPrice,typeMismatch.pPrice,typeMismatch.int,typeMismatch]; arguments [org.springframework.context.support.DefaultMessageSourceResolvable: codes [product.pPrice,pPrice]; arguments []; default message [pPrice]]; default message [Failed to convert property value of type 'java.lang.String' to required type 'int' for property 'pPrice'; nested exception is java.lang.NumberFormatException: For input string: ""]<EOL>Field error in object 'product' on field 'stock': rejected value []; codes [typeMismatch.product.stock,typeMismatch.stock,typeMismatch.int,typeMismatch]; arguments [org.springframework.context.support.DefaultMessageSourceResolvable: codes [product.stock,stock]; arguments []; default message [stock]]; default message [Failed to convert property value of type 'java.lang.String' to required type 'int' for property 'stock'; nested exception is java.lang.NumberFormatException: For input string: ""]]
2022-10-17 09:25:07.615 TRACE 3156 --- [http-nio-8080-exec-1] com.grocery.controller.AdminController   : ADMIN LOGIN FAILED
2022-10-17 09:25:07.615 ERROR 3156 --- [http-nio-8080-exec-1] com.grocery.controller.AdminController   : Admin Credentials are invalid
2022-10-17 09:25:47.941 TRACE 3156 --- [http-nio-8080-exec-6] c.grocery.controller.CustomerController  : CUSTOMER LOGIN FAILED
2022-10-17 09:25:47.941 ERROR 3156 --- [http-nio-8080-exec-6] c.grocery.controller.CustomerController  : Customer Credentials are invalid for the customer id:
2022-10-17 09:27:10.704  INFO 3156 --- [RMI TCP Connection(14)-127.0.0.1] inMXBeanRegistrar$SpringApplicationAdmin : Application shutdown requested.
2022-10-17 09:27:10.721  INFO 3156 --- [RMI TCP Connection(14)-127.0.0.1] o.apache.catalina.core.StandardService   : Stopping service [Tomcat]
2022-10-17 09:27:10.723  INFO 3156 --- [RMI TCP Connection(14)-127.0.0.1] o.a.c.c.C.[Tomcat].[localhost].[/]       : Destroying Spring FrameworkServlet 'dispatcherServlet'
2022-10-17 09:27:10.734  INFO 3156 --- [RMI TCP Connection(14)-127.0.0.1] j.LocalContainerEntityManagerFactoryBean : Closing JPA EntityManagerFactory for persistence unit 'default'
2022-10-17 09:27:10.737  INFO 3156 --- [RMI TCP Connection(14)-127.0.0.1] com.zaxxer.hikari.HikariDataSource       : HikariPool-1 - Shutdown initiated...
2022-10-17 09:27:10.749  INFO 3156 --- [RMI TCP Connection(14)-127.0.0.1] com.zaxxer.hikari.HikariDataSource       : HikariPool-1 - Shutdown completed.
2022-10-17 09:32:42.371  INFO 8160 --- [main] com.grocery.GroceryWebApplicationTests   : Starting GroceryWebApplicationTests using Java 17.0.4 on DESKTOP-CTCG3C8 with PID 8160 (started by Sai Abishek in D:\Springtools\GroceryWebApplication)
2022-10-17 09:32:42.373  INFO 8160 --- [main] com.grocery.GroceryWebApplicationTests   : No active profile set, falling back to 1 default profile: "default"
2022-10-17 09:32:43.552  INFO 8160 --- [main] .s.d.r.c.RepositoryConfigurationDelegate : Multiple Spring Data modules found, entering strict repository configuration mode
2022-10-17 09:32:43.554  INFO 8160 --- [main] .s.d.r.c.RepositoryConfigurationDelegate : Bootstrapping Spring Data JDBC repositories in DEFAULT mode.
2022-10-17 09:32:43.620  INFO 8160 --- [main] .RepositoryConfigurationExtensionSupport : Spring Data JDBC - Could not safely identify store assignment for repository candidate interface com.grocery.dao.AdminDao; If you want this repository to be a JDBC repository, consider annotating your entities with one of these annotations: org.springframework.data.relational.core.mapping.Table.
2022-10-17 09:32:43.622  INFO 8160 --- [main] .RepositoryConfigurationExtensionSupport : Spring Data JDBC - Could not safely identify store assignment for repository candidate interface com.grocery.dao.CartDao; If you want this repository to be a JDBC repository, consider annotating your entities with one of these annotations: org.springframework.data.relational.core.mapping.Table.
2022-10-17 09:32:43.626  INFO 8160 --- [main] .RepositoryConfigurationExtensionSupport : Spring Data JDBC - Could not safely identify store assignment for repository candidate interface com.grocery.dao.CartItemsDao; If you want this repository to be a JDBC repository, consider annotating your entities with one of these annotations: org.springframework.data.relational.core.mapping.Table.
2022-10-17 09:32:43.628  INFO 8160 --- [main] .RepositoryConfigurationExtensionSupport : Spring Data JDBC - Could not safely identify store assignment for repository candidate interface com.grocery.dao.CategoryDao; If you want this repository to be a JDBC repository, consider annotating your entities with one of these annotations: org.springframework.data.relational.core.mapping.Table.
2022-10-17 09:32:43.630  INFO 8160 --- [main] .RepositoryConfigurationExtensionSupport : Spring Data JDBC - Could not safely identify store assignment for repository candidate interface com.grocery.dao.CustomerDao; If you want this repository to be a JDBC repository, consider annotating your entities with one of these annotations: org.springframework.data.relational.core.mapping.Table.
2022-10-17 09:32:43.632  INFO 8160 --- [main] .RepositoryConfigurationExtensionSupport : Spring Data JDBC - Could not safely identify store assignment for repository candidate interface com.grocery.dao.OrderDao; If you want this repository to be a JDBC repository, consider annotating your entities with one of these annotations: org.springframework.data.relational.core.mapping.Table.
2022-10-17 09:32:43.634  INFO 8160 --- [main] .RepositoryConfigurationExtensionSupport : Spring Data JDBC - Could not safely identify store assignment for repository candidate interface com.grocery.dao.PaymentDao; If you want this repository to be a JDBC repository, consider annotating your entities with one of these annotations: org.springframework.data.relational.core.mapping.Table.
2022-10-17 09:32:43.638  INFO 8160 --- [main] .RepositoryConfigurationExtensionSupport : Spring Data JDBC - Could not safely identify store assignment for repository candidate interface com.grocery.dao.ProductDao; If you want this repository to be a JDBC repository, consider annotating your entities with one of these annotations: org.springframework.data.relational.core.mapping.Table.
2022-10-17 09:32:43.640  INFO 8160 --- [main] .RepositoryConfigurationExtensionSupport : Spring Data JDBC - Could not safely identify store assignment for repository candidate interface com.grocery.dao.ReturnDao; If you want this repository to be a JDBC repository, consider annotating your entities with one of these annotations: org.springframework.data.relational.core.mapping.Table.
2022-10-17 09:32:43.642  INFO 8160 --- [main] .s.d.r.c.RepositoryConfigurationDelegate : Finished Spring Data repository scanning in 76 ms. Found 0 JDBC repository interfaces.
2022-10-17 09:32:43.660  INFO 8160 --- [main] .s.d.r.c.RepositoryConfigurationDelegate : Multiple Spring Data modules found, entering strict repository configuration mode
2022-10-17 09:32:43.662  INFO 8160 --- [main] .s.d.r.c.RepositoryConfigurationDelegate : Bootstrapping Spring Data JPA repositories in DEFAULT mode.
2022-10-17 09:32:43.730  INFO 8160 --- [main] .s.d.r.c.RepositoryConfigurationDelegate : Finished Spring Data repository scanning in 59 ms. Found 9 JPA repository interfaces.
2022-10-17 09:32:44.618  INFO 8160 --- [main] o.hibernate.jpa.internal.util.LogHelper  : HHH000204: Processing PersistenceUnitInfo [name: default]
2022-10-17 09:32:44.709  INFO 8160 --- [main] org.hibernate.Version                    : HHH000412: Hibernate ORM core version 5.6.11.Final
2022-10-17 09:32:44.981  INFO 8160 --- [main] o.hibernate.annotations.common.Version   : HCANN000001: Hibernate Commons Annotations {5.1.2.Final}
2022-10-17 09:32:45.225  INFO 8160 --- [main] com.zaxxer.hikari.HikariDataSource       : HikariPool-1 - Starting...
2022-10-17 09:32:45.763  INFO 8160 --- [main] com.zaxxer.hikari.HikariDataSource       : HikariPool-1 - Start completed.
2022-10-17 09:32:45.822  INFO 8160 --- [main] org.hibernate.dialect.Dialect            : HHH000400: Using dialect: org.hibernate.dialect.MySQL8Dialect
2022-10-17 09:32:47.161  INFO 8160 --- [main] o.h.e.t.j.p.i.JtaPlatformInitiator       : HHH000490: Using JtaPlatform implementation: [org.hibernate.engine.transaction.jta.platform.internal.NoJtaPlatform]
2022-10-17 09:32:47.174  INFO 8160 --- [main] j.LocalContainerEntityManagerFactoryBean : Initialized JPA EntityManagerFactory for persistence unit 'default'
2022-10-17 09:32:48.194  WARN 8160 --- [main] JpaBaseConfiguration$JpaWebConfiguration : spring.jpa.open-in-view is enabled by default. Therefore, database queries may be performed during view rendering. Explicitly configure spring.jpa.open-in-view to disable this warning
2022-10-17 09:32:48.594  INFO 8160 --- [main] o.s.s.web.DefaultSecurityFilterChain     : Will secure any request with [org.springframework.security.web.session.DisableEncodeUrlFilter@1c15a6aa, org.springframework.security.web.context.request.async.WebAsyncManagerIntegrationFilter@7dc963be, org.springframework.security.web.context.SecurityContextPersistenceFilter@a36ff0b, org.springframework.security.web.header.HeaderWriterFilter@6705fb02, org.springframework.security.web.authentication.logout.LogoutFilter@62878d7c, org.springframework.security.web.savedrequest.RequestCacheAwareFilter@34376069, org.springframework.security.web.servletapi.SecurityContextHolderAwareRequestFilter@4505015b, org.springframework.security.web.authentication.AnonymousAuthenticationFilter@61c4fc34, org.springframework.security.web.session.SessionManagementFilter@6cb759d5, org.springframework.security.web.access.ExceptionTranslationFilter@65fa56f7, org.springframework.security.web.access.intercept.FilterSecurityInterceptor@7ca7bddd]
2022-10-17 09:32:49.351  INFO 8160 --- [main] o.s.b.a.w.s.WelcomePageHandlerMapping    : Adding welcome page: class path resource [static/index.html]
2022-10-17 09:32:49.986  INFO 8160 --- [main] com.grocery.GroceryWebApplicationTests   : Started GroceryWebApplicationTests in 8.171 seconds (JVM running for 10.195)
2022-10-17 09:32:50.703  INFO 8160 --- [SpringApplicationShutdownHook] j.LocalContainerEntityManagerFactoryBean : Closing JPA EntityManagerFactory for persistence unit 'default'
2022-10-17 09:32:50.705  INFO 8160 --- [SpringApplicationShutdownHook] com.zaxxer.hikari.HikariDataSource       : HikariPool-1 - Shutdown initiated...
2022-10-17 09:32:50.723  INFO 8160 --- [SpringApplicationShutdownHook] com.zaxxer.hikari.HikariDataSource       : HikariPool-1 - Shutdown completed.
2022-10-17 09:37:36.078  INFO 17224 --- [main] com.grocery.GroceryWebApplication        : Starting GroceryWebApplication using Java 17.0.4 on DESKTOP-CTCG3C8 with PID 17224 (D:\Springtools\GroceryWebApplication\target\classes started by Sai Abishek in D:\Springtools\GroceryWebApplication)
2022-10-17 09:37:36.082  INFO 17224 --- [main] com.grocery.GroceryWebApplication        : No active profile set, falling back to 1 default profile: "default"
2022-10-17 09:37:36.915  INFO 17224 --- [main] .s.d.r.c.RepositoryConfigurationDelegate : Multiple Spring Data modules found, entering strict repository configuration mode
2022-10-17 09:37:36.918  INFO 17224 --- [main] .s.d.r.c.RepositoryConfigurationDelegate : Bootstrapping Spring Data JDBC repositories in DEFAULT mode.
2022-10-17 09:37:36.971  INFO 17224 --- [main] .RepositoryConfigurationExtensionSupport : Spring Data JDBC - Could not safely identify store assignment for repository candidate interface com.grocery.dao.AdminDao; If you want this repository to be a JDBC repository, consider annotating your entities with one of these annotations: org.springframework.data.relational.core.mapping.Table.
2022-10-17 09:37:36.973  INFO 17224 --- [main] .RepositoryConfigurationExtensionSupport : Spring Data JDBC - Could not safely identify store assignment for repository candidate interface com.grocery.dao.CartDao; If you want this repository to be a JDBC repository, consider annotating your entities with one of these annotations: org.springframework.data.relational.core.mapping.Table.
2022-10-17 09:37:36.974  INFO 17224 --- [main] .RepositoryConfigurationExtensionSupport : Spring Data JDBC - Could not safely identify store assignment for repository candidate interface com.grocery.dao.CartItemsDao; If you want this repository to be a JDBC repository, consider annotating your entities with one of these annotations: org.springframework.data.relational.core.mapping.Table.
2022-10-17 09:37:36.976  INFO 17224 --- [main] .RepositoryConfigurationExtensionSupport : Spring Data JDBC - Could not safely identify store assignment for repository candidate interface com.grocery.dao.CategoryDao; If you want this repository to be a JDBC repository, consider annotating your entities with one of these annotations: org.springframework.data.relational.core.mapping.Table.
2022-10-17 09:37:36.978  INFO 17224 --- [main] .RepositoryConfigurationExtensionSupport : Spring Data JDBC - Could not safely identify store assignment for repository candidate interface com.grocery.dao.CustomerDao; If you want this repository to be a JDBC repository, consider annotating your entities with one of these annotations: org.springframework.data.relational.core.mapping.Table.
2022-10-17 09:37:36.980  INFO 17224 --- [main] .RepositoryConfigurationExtensionSupport : Spring Data JDBC - Could not safely identify store assignment for repository candidate interface com.grocery.dao.OrderDao; If you want this repository to be a JDBC repository, consider annotating your entities with one of these annotations: org.springframework.data.relational.core.mapping.Table.
2022-10-17 09:37:36.982  INFO 17224 --- [main] .RepositoryConfigurationExtensionSupport : Spring Data JDBC - Could not safely identify store assignment for repository candidate interface com.grocery.dao.PaymentDao; If you want this repository to be a JDBC repository, consider annotating your entities with one of these annotations: org.springframework.data.relational.core.mapping.Table.
2022-10-17 09:37:36.985  INFO 17224 --- [main] .RepositoryConfigurationExtensionSupport : Spring Data JDBC - Could not safely identify store assignment for repository candidate interface com.grocery.dao.ProductDao; If you want this repository to be a JDBC repository, consider annotating your entities with one of these annotations: org.springframework.data.relational.core.mapping.Table.
2022-10-17 09:37:36.987  INFO 17224 --- [main] .RepositoryConfigurationExtensionSupport : Spring Data JDBC - Could not safely identify store assignment for repository candidate interface com.grocery.dao.ReturnDao; If you want this repository to be a JDBC repository, consider annotating your entities with one of these annotations: org.springframework.data.relational.core.mapping.Table.
2022-10-17 09:37:36.988  INFO 17224 --- [main] .s.d.r.c.RepositoryConfigurationDelegate : Finished Spring Data repository scanning in 63 ms. Found 0 JDBC repository interfaces.
2022-10-17 09:37:36.997  INFO 17224 --- [main] .s.d.r.c.RepositoryConfigurationDelegate : Multiple Spring Data modules found, entering strict repository configuration mode
2022-10-17 09:37:36.999  INFO 17224 --- [main] .s.d.r.c.RepositoryConfigurationDelegate : Bootstrapping Spring Data JPA repositories in DEFAULT mode.
2022-10-17 09:37:37.057  INFO 17224 --- [main] .s.d.r.c.RepositoryConfigurationDelegate : Finished Spring Data repository scanning in 48 ms. Found 9 JPA repository interfaces.
2022-10-17 09:37:37.765  INFO 17224 --- [main] o.s.b.w.embedded.tomcat.TomcatWebServer  : Tomcat initialized with port(s): 8080 (http)
2022-10-17 09:37:37.777  INFO 17224 --- [main] o.apache.catalina.core.StandardService   : Starting service [Tomcat]
2022-10-17 09:37:37.777  INFO 17224 --- [main] org.apache.catalina.core.StandardEngine  : Starting Servlet engine: [Apache Tomcat/9.0.65]
2022-10-17 09:37:38.112  INFO 17224 --- [main] org.apache.jasper.servlet.TldScanner     : At least one JAR was scanned for TLDs yet contained no TLDs. Enable debug logging for this logger for a complete list of JARs that were scanned but no TLDs were found in them. Skipping unneeded JARs during scanning can improve startup time and JSP compilation time.
2022-10-17 09:37:38.128  INFO 17224 --- [main] o.a.c.c.C.[Tomcat].[localhost].[/]       : Initializing Spring embedded WebApplicationContext
2022-10-17 09:37:38.128  INFO 17224 --- [main] w.s.c.ServletWebServerApplicationContext : Root WebApplicationContext: initialization completed in 1974 ms
2022-10-17 09:37:38.299  INFO 17224 --- [main] o.hibernate.jpa.internal.util.LogHelper  : HHH000204: Processing PersistenceUnitInfo [name: default]
2022-10-17 09:37:38.367  INFO 17224 --- [main] org.hibernate.Version                    : HHH000412: Hibernate ORM core version 5.6.11.Final
2022-10-17 09:37:38.570  INFO 17224 --- [main] o.hibernate.annotations.common.Version   : HCANN000001: Hibernate Commons Annotations {5.1.2.Final}
2022-10-17 09:37:38.711  INFO 17224 --- [main] com.zaxxer.hikari.HikariDataSource       : HikariPool-1 - Starting...
2022-10-17 09:37:39.097  INFO 17224 --- [main] com.zaxxer.hikari.HikariDataSource       : HikariPool-1 - Start completed.
2022-10-17 09:37:39.148  INFO 17224 --- [main] org.hibernate.dialect.Dialect            : HHH000400: Using dialect: org.hibernate.dialect.MySQL8Dialect
2022-10-17 09:37:40.189  INFO 17224 --- [main] o.h.e.t.j.p.i.JtaPlatformInitiator       : HHH000490: Using JtaPlatform implementation: [org.hibernate.engine.transaction.jta.platform.internal.NoJtaPlatform]
2022-10-17 09:37:40.201  INFO 17224 --- [main] j.LocalContainerEntityManagerFactoryBean : Initialized JPA EntityManagerFactory for persistence unit 'default'
2022-10-17 09:37:40.848  WARN 17224 --- [main] JpaBaseConfiguration$JpaWebConfiguration : spring.jpa.open-in-view is enabled by default. Therefore, database queries may be performed during view rendering. Explicitly configure spring.jpa.open-in-view to disable this warning
2022-10-17 09:37:41.034  INFO 17224 --- [main] o.s.s.web.DefaultSecurityFilterChain     : Will secure any request with [org.springframework.security.web.session.DisableEncodeUrlFilter@6ebf9c2d, org.springframework.security.web.context.request.async.WebAsyncManagerIntegrationFilter@753c7411, org.springframework.security.web.context.SecurityContextPersistenceFilter@2468c0e4, org.springframework.security.web.header.HeaderWriterFilter@6b247ef6, org.springframework.security.web.authentication.logout.LogoutFilter@60317de8, org.springframework.security.web.savedrequest.RequestCacheAwareFilter@1a82453, org.springframework.security.web.servletapi.SecurityContextHolderAwareRequestFilter@40da1644, org.springframework.security.web.authentication.AnonymousAuthenticationFilter@3ba015b1, org.springframework.security.web.session.SessionManagementFilter@5b5f61cc, org.springframework.security.web.access.ExceptionTranslationFilter@638e8194, org.springframework.security.web.access.intercept.FilterSecurityInterceptor@6fd07a56]
2022-10-17 09:37:41.232  INFO 17224 --- [main] o.s.b.a.w.s.WelcomePageHandlerMapping    : Adding welcome page: class path resource [static/index.html]
2022-10-17 09:37:41.604  INFO 17224 --- [main] o.s.b.w.embedded.tomcat.TomcatWebServer  : Tomcat started on port(s): 8080 (http) with context path ''
2022-10-17 09:37:41.615  INFO 17224 --- [main] com.grocery.GroceryWebApplication        : Started GroceryWebApplication in 6.091 seconds (JVM running for 7.042)
2022-10-17 09:38:00.907  INFO 17224 --- [http-nio-8080-exec-1] o.a.c.c.C.[Tomcat].[localhost].[/]       : Initializing Spring DispatcherServlet 'dispatcherServlet'
2022-10-17 09:38:00.908  INFO 17224 --- [http-nio-8080-exec-1] o.s.web.servlet.DispatcherServlet        : Initializing Servlet 'dispatcherServlet'
2022-10-17 09:38:00.909  INFO 17224 --- [http-nio-8080-exec-1] o.s.web.servlet.DispatcherServlet        : Completed initialization in 1 ms
2022-10-17 09:38:09.731 TRACE 17224 --- [http-nio-8080-exec-4] c.grocery.controller.CustomerController  : CUSTOMER LOGIN FAILED
2022-10-17 09:38:09.731 ERROR 17224 --- [http-nio-8080-exec-4] c.grocery.controller.CustomerController  : Customer Credentials are invalid for the customer id:
2022-10-17 09:38:34.535 ERROR 17224 --- [http-nio-8080-exec-3] c.g.exception.GlobalExceptionHandler     : you are selecting more than stock,please select again for the customer id: 3
2022-10-17 10:20:50.809 TRACE 17224 --- [http-nio-8080-exec-3] c.grocery.controller.CustomerController  : CUSTOMER LOGIN FAILED
2022-10-17 10:20:50.810 ERROR 17224 --- [http-nio-8080-exec-3] c.grocery.controller.CustomerController  : Customer Credentials are invalid for the customer id:
2022-10-17 12:31:34.267  INFO 17224 --- [RMI TCP Connection(177)-127.0.0.1] inMXBeanRegistrar$SpringApplicationAdmin : Application shutdown requested.
2022-10-17 12:31:34.355  INFO 17224 --- [RMI TCP Connection(177)-127.0.0.1] o.apache.catalina.core.StandardService   : Stopping service [Tomcat]
2022-10-17 12:31:34.370  INFO 17224 --- [RMI TCP Connection(177)-127.0.0.1] o.a.c.c.C.[Tomcat].[localhost].[/]       : Destroying Spring FrameworkServlet 'dispatcherServlet'
2022-10-17 12:31:34.414  INFO 17224 --- [RMI TCP Connection(177)-127.0.0.1] j.LocalContainerEntityManagerFactoryBean : Closing JPA EntityManagerFactory for persistence unit 'default'
2022-10-17 12:31:34.434  INFO 17224 --- [RMI TCP Connection(177)-127.0.0.1] com.zaxxer.hikari.HikariDataSource       : HikariPool-1 - Shutdown initiated...
2022-10-17 12:31:34.450  INFO 17224 --- [RMI TCP Connection(177)-127.0.0.1] com.zaxxer.hikari.HikariDataSource       : HikariPool-1 - Shutdown completed.
